# JRE version: Java(TM) SE Runtime Environment (8.0_201-b09) (build 1.8.0_201-b09)
# Java VM: Java HotSpot(TM) 64-Bit Server VM (25.201-b09 mixed mode bsd-amd64 compressed oops)
Heap:
 PSYoungGen      total 39424K, used 13142K [0x0000000795580000, 0x0000000799f80000, 0x00000007c0000000)
  eden space 26624K, 1% used [0x0000000795580000,0x00000007955fc918,0x0000000796f80000)
  from space 12800K, 98% used [0x0000000797000000,0x0000000797c59008,0x0000000797c80000)
  to   space 24576K, 0% used [0x0000000798780000,0x0000000798780000,0x0000000799f80000)
 ParOldGen       total 65024K, used 25812K [0x0000000740000000, 0x0000000743f80000, 0x0000000795580000)
  object space 65024K, 39% used [0x0000000740000000,0x00000007419351b8,0x0000000743f80000)
 Metaspace       used 24391K, capacity 24862K, committed 24960K, reserved 1071104K
  class space    used 3234K, capacity 3374K, committed 3456K, reserved 1048576K
GC Heap History (10 events):
Event: 55359.116 GC heap before
{Heap before GC invocations=532 (full 57):
 PSYoungGen      total 54784K, used 34216K [0x0000000795580000, 0x000000079a780000, 0x00000007c0000000)
  eden space 28672K, 97% used [0x0000000795580000,0x00000007970c4a50,0x0000000797180000)
  from space 26112K, 24% used [0x0000000798e00000,0x00000007994255e0,0x000000079a780000)
  to   space 27648K, 0% used [0x0000000797180000,0x0000000797180000,0x0000000798c80000)
 ParOldGen       total 65024K, used 25459K [0x0000000740000000, 0x0000000743f80000, 0x0000000795580000)
  object space 65024K, 39% used [0x0000000740000000,0x00000007418dcd58,0x0000000743f80000)
 Metaspace       used 24377K, capacity 24862K, committed 24960K, reserved 1071104K
  class space    used 3232K, capacity 3374K, committed 3456K, reserved 1048576K
Event: 55359.122 GC heap after
Heap after GC invocations=532 (full 57):
 PSYoungGen      total 56320K, used 12258K [0x0000000795580000, 0x000000079aa80000, 0x00000007c0000000)
  eden space 28672K, 0% used [0x0000000795580000,0x0000000795580000,0x0000000797180000)
  from space 27648K, 44% used [0x0000000797180000,0x0000000797d78928,0x0000000798c80000)
  to   space 26624K, 0% used [0x0000000799080000,0x0000000799080000,0x000000079aa80000)
 ParOldGen       total 65024K, used 25724K [0x0000000740000000, 0x0000000743f80000, 0x0000000795580000)
  object space 65024K, 39% used [0x0000000740000000,0x000000074191f1b8,0x0000000743f80000)
 Metaspace       used 24377K, capacity 24862K, committed 24960K, reserved 1071104K
  class space    used 3232K, capacity 3374K, committed 3456K, reserved 1048576K
}
Event: 55730.469 GC heap before
{Heap before GC invocations=533 (full 57):
 PSYoungGen      total 56320K, used 40682K [0x0000000795580000, 0x000000079aa80000, 0x00000007c0000000)
  eden space 28672K, 99% used [0x0000000795580000,0x0000000797142160,0x0000000797180000)
  from space 27648K, 44% used [0x0000000797180000,0x0000000797d78928,0x0000000798c80000)
  to   space 26624K, 0% used [0x0000000799080000,0x0000000799080000,0x000000079aa80000)
 ParOldGen       total 65024K, used 25724K [0x0000000740000000, 0x0000000743f80000, 0x0000000795580000)
  object space 65024K, 39% used [0x0000000740000000,0x000000074191f1b8,0x0000000743f80000)
 Metaspace       used 24377K, capacity 24862K, committed 24960K, reserved 1071104K
  class space    used 3232K, capacity 3374K, committed 3456K, reserved 1048576K
Event: 55730.471 GC heap after
Heap after GC invocations=533 (full 57):
 PSYoungGen      total 49152K, used 2101K [0x0000000795580000, 0x000000079a500000, 0x00000007c0000000)
  eden space 28160K, 0% used [0x0000000795580000,0x0000000795580000,0x0000000797100000)
  from space 20992K, 10% used [0x0000000799080000,0x000000079928d680,0x000000079a500000)
  to   space 26624K, 0% used [0x0000000797100000,0x0000000797100000,0x0000000798b00000)
 ParOldGen       total 65024K, used 25732K [0x0000000740000000, 0x0000000743f80000, 0x0000000795580000)
  object space 65024K, 39% used [0x0000000740000000,0x00000007419211b8,0x0000000743f80000)
 Metaspace       used 24377K, capacity 24862K, committed 24960K, reserved 1071104K
  class space    used 3232K, capacity 3374K, committed 3456K, reserved 1048576K
}
Event: 55730.721 GC heap before
{Heap before GC invocations=534 (full 57):
 PSYoungGen      total 49152K, used 28662K [0x0000000795580000, 0x000000079a500000, 0x00000007c0000000)
  eden space 28160K, 94% used [0x0000000795580000,0x0000000796f70470,0x0000000797100000)
  from space 20992K, 10% used [0x0000000799080000,0x000000079928d680,0x000000079a500000)
  to   space 26624K, 0% used [0x0000000797100000,0x0000000797100000,0x0000000798b00000)
 ParOldGen       total 65024K, used 25732K [0x0000000740000000, 0x0000000743f80000, 0x0000000795580000)
  object space 65024K, 39% used [0x0000000740000000,0x00000007419211b8,0x0000000743f80000)
 Metaspace       used 24377K, capacity 24862K, committed 24960K, reserved 1071104K
  class space    used 3232K, capacity 3374K, committed 3456K, reserved 1048576K
Event: 55730.723 GC heap after
Heap after GC invocations=534 (full 57):
 PSYoungGen      total 30208K, used 2090K [0x0000000795580000, 0x000000079a380000, 0x00000007c0000000)
  eden space 27648K, 0% used [0x0000000795580000,0x0000000795580000,0x0000000797080000)
  from space 2560K, 81% used [0x0000000797100000,0x000000079730ab50,0x0000000797380000)
  to   space 26112K, 0% used [0x0000000798a00000,0x0000000798a00000,0x000000079a380000)
 ParOldGen       total 65024K, used 25756K [0x0000000740000000, 0x0000000743f80000, 0x0000000795580000)
  object space 65024K, 39% used [0x0000000740000000,0x00000007419271b8,0x0000000743f80000)
 Metaspace       used 24377K, capacity 24862K, committed 24960K, reserved 1071104K
  class space    used 3232K, capacity 3374K, committed 3456K, reserved 1048576K
}
Event: 55733.740 GC heap before
{Heap before GC invocations=535 (full 57):
 PSYoungGen      total 30208K, used 27950K [0x0000000795580000, 0x000000079a380000, 0x00000007c0000000)
  eden space 27648K, 93% used [0x0000000795580000,0x0000000796ec0f88,0x0000000797080000)
  from space 2560K, 81% used [0x0000000797100000,0x000000079730ab50,0x0000000797380000)
  to   space 26112K, 0% used [0x0000000798a00000,0x0000000798a00000,0x000000079a380000)
 ParOldGen       total 65024K, used 25756K [0x0000000740000000, 0x0000000743f80000, 0x0000000795580000)
  object space 65024K, 39% used [0x0000000740000000,0x00000007419271b8,0x0000000743f80000)
 Metaspace       used 24377K, capacity 24862K, committed 24960K, reserved 1071104K
  class space    used 3232K, capacity 3374K, committed 3456K, reserved 1048576K
Event: 55733.743 GC heap after
Heap after GC invocations=535 (full 57):
 PSYoungGen      total 50688K, used 7561K [0x0000000795580000, 0x000000079a100000, 0x00000007c0000000)
  eden space 27136K, 0% used [0x0000000795580000,0x0000000795580000,0x0000000797000000)
  from space 23552K, 32% used [0x0000000798a00000,0x0000000799162640,0x000000079a100000)
  to   space 25088K, 0% used [0x0000000797000000,0x0000000797000000,0x0000000798880000)
 ParOldGen       total 65024K, used 25780K [0x0000000740000000, 0x0000000743f80000, 0x0000000795580000)
  object space 65024K, 39% used [0x0000000740000000,0x000000074192d1b8,0x0000000743f80000)
 Metaspace       used 24377K, capacity 24862K, committed 24960K, reserved 1071104K
  class space    used 3232K, capacity 3374K, committed 3456K, reserved 1048576K
}
Event: 67229.084 GC heap before
{Heap before GC invocations=536 (full 57):
 PSYoungGen      total 50688K, used 34697K [0x0000000795580000, 0x000000079a100000, 0x00000007c0000000)
  eden space 27136K, 100% used [0x0000000795580000,0x0000000797000000,0x0000000797000000)
  from space 23552K, 32% used [0x0000000798a00000,0x0000000799162640,0x000000079a100000)
  to   space 25088K, 0% used [0x0000000797000000,0x0000000797000000,0x0000000798880000)
 ParOldGen       total 65024K, used 25780K [0x0000000740000000, 0x0000000743f80000, 0x0000000795580000)
  object space 65024K, 39% used [0x0000000740000000,0x000000074192d1b8,0x0000000743f80000)
 Metaspace       used 24391K, capacity 24862K, committed 24960K, reserved 1071104K
  class space    used 3234K, capacity 3374K, committed 3456K, reserved 1048576K
Event: 67229.126 GC heap after
Heap after GC invocations=536 (full 57):
 PSYoungGen      total 39424K, used 12644K [0x0000000795580000, 0x0000000799f80000, 0x00000007c0000000)
  eden space 26624K, 0% used [0x0000000795580000,0x0000000795580000,0x0000000796f80000)
  from space 12800K, 98% used [0x0000000797000000,0x0000000797c59008,0x0000000797c80000)
  to   space 24576K, 0% used [0x0000000798780000,0x0000000798780000,0x0000000799f80000)
 ParOldGen       total 65024K, used 25812K [0x0000000740000000, 0x0000000743f80000, 0x0000000795580000)
  object space 65024K, 39% used [0x0000000740000000,0x00000007419351b8,0x0000000743f80000)
 Metaspace       used 24391K, capacity 24862K, committed 24960K, reserved 1071104K
  class space    used 3234K, capacity 3374K, committed 3456K, reserved 1048576K
}

